2020/07/08 11:46:04 [error] [exception.CException] CException: CAssetManager.basePath "D:\xampp3\htdocs\log_access2\web\assets" is invalid. Please make sure the directory exists and is writable by the Web server process. in D:\xampp3\htdocs\log_access2\vendor\yiisoft\yii\framework\web\CAssetManager.php:138
Stack trace:
#0 D:\xampp3\htdocs\log_access2\vendor\yiisoft\yii\framework\web\CAssetManager.php(123): CAssetManager->setBasePath('D:\\xampp3\\htdoc...')
#1 D:\xampp3\htdocs\log_access2\vendor\yiisoft\yii\framework\web\CAssetManager.php(217): CAssetManager->getBasePath()
#2 D:\xampp3\htdocs\log_access2\vendor\yiisoft\yii\framework\web\CClientScript.php(511): CAssetManager->publish('D:\\xampp3\\htdoc...')
#3 D:\xampp3\htdocs\log_access2\vendor\yiisoft\yii\framework\web\CClientScript.php(548): CClientScript->getCoreScriptUrl()
#4 D:\xampp3\htdocs\log_access2\vendor\yiisoft\yii\framework\web\CClientScript.php(349): CClientScript->getPackageBaseUrl('jquery')
#5 D:\xampp3\htdocs\log_access2\vendor\yiisoft\yii\framework\web\CClientScript.php(208): CClientScript->renderCoreScripts()
#6 D:\xampp3\htdocs\log_access2\vendor\yiisoft\yii\framework\web\CController.php(352): CClientScript->render('<!DOCTYPE html>...')
#7 D:\xampp3\htdocs\log_access2\vendor\yiisoft\yii\framework\web\CController.php(791): CController->processOutput('<!DOCTYPE html>...')
#8 D:\xampp3\htdocs\log_access2\web\protected\controllers\SiteController.php(98): CController->render('login', Array)
#9 D:\xampp3\htdocs\log_access2\vendor\yiisoft\yii\framework\web\actions\CInlineAction.php(49): SiteController->actionLogin()
#10 D:\xampp3\htdocs\log_access2\vendor\yiisoft\yii\framework\web\CController.php(308): CInlineAction->runWithParams(Array)
#11 D:\xampp3\htdocs\log_access2\vendor\yiisoft\yii\framework\web\CController.php(286): CController->runAction(Object(CInlineAction))
#12 D:\xampp3\htdocs\log_access2\vendor\yiisoft\yii\framework\web\CController.php(265): CController->runActionWithFilters(Object(CInlineAction), Array)
#13 D:\xampp3\htdocs\log_access2\vendor\yiisoft\yii\framework\web\CWebApplication.php(282): CController->run('login')
#14 D:\xampp3\htdocs\log_access2\vendor\yiisoft\yii\framework\web\CWebApplication.php(141): CWebApplication->runController('site/login')
#15 D:\xampp3\htdocs\log_access2\vendor\yiisoft\yii\framework\base\CApplication.php(185): CWebApplication->processRequest()
#16 D:\xampp3\htdocs\log_access2\web\index.php(13): CApplication->run()
#17 {main}
REQUEST_URI=/log_access2/web/index.php/site/login
HTTP_REFERER=http://127.0.0.1/log_access2/web/index.php
---
2020/07/08 11:46:16 [error] [exception.CException] CException: CAssetManager.basePath "D:\xampp3\htdocs\log_access2\web\assets" is invalid. Please make sure the directory exists and is writable by the Web server process. in D:\xampp3\htdocs\log_access2\vendor\yiisoft\yii\framework\web\CAssetManager.php:138
Stack trace:
#0 D:\xampp3\htdocs\log_access2\vendor\yiisoft\yii\framework\web\CAssetManager.php(123): CAssetManager->setBasePath('D:\\xampp3\\htdoc...')
#1 D:\xampp3\htdocs\log_access2\vendor\yiisoft\yii\framework\web\CAssetManager.php(217): CAssetManager->getBasePath()
#2 D:\xampp3\htdocs\log_access2\vendor\yiisoft\yii\framework\web\CClientScript.php(511): CAssetManager->publish('D:\\xampp3\\htdoc...')
#3 D:\xampp3\htdocs\log_access2\vendor\yiisoft\yii\framework\web\CClientScript.php(548): CClientScript->getCoreScriptUrl()
#4 D:\xampp3\htdocs\log_access2\vendor\yiisoft\yii\framework\web\CClientScript.php(349): CClientScript->getPackageBaseUrl('jquery')
#5 D:\xampp3\htdocs\log_access2\vendor\yiisoft\yii\framework\web\CClientScript.php(208): CClientScript->renderCoreScripts()
#6 D:\xampp3\htdocs\log_access2\vendor\yiisoft\yii\framework\web\CController.php(352): CClientScript->render('<!DOCTYPE html>...')
#7 D:\xampp3\htdocs\log_access2\vendor\yiisoft\yii\framework\web\CController.php(791): CController->processOutput('<!DOCTYPE html>...')
#8 D:\xampp3\htdocs\log_access2\web\protected\controllers\SiteController.php(98): CController->render('login', Array)
#9 D:\xampp3\htdocs\log_access2\vendor\yiisoft\yii\framework\web\actions\CInlineAction.php(49): SiteController->actionLogin()
#10 D:\xampp3\htdocs\log_access2\vendor\yiisoft\yii\framework\web\CController.php(308): CInlineAction->runWithParams(Array)
#11 D:\xampp3\htdocs\log_access2\vendor\yiisoft\yii\framework\web\CController.php(286): CController->runAction(Object(CInlineAction))
#12 D:\xampp3\htdocs\log_access2\vendor\yiisoft\yii\framework\web\CController.php(265): CController->runActionWithFilters(Object(CInlineAction), Array)
#13 D:\xampp3\htdocs\log_access2\vendor\yiisoft\yii\framework\web\CWebApplication.php(282): CController->run('login')
#14 D:\xampp3\htdocs\log_access2\vendor\yiisoft\yii\framework\web\CWebApplication.php(141): CWebApplication->runController('site/login')
#15 D:\xampp3\htdocs\log_access2\vendor\yiisoft\yii\framework\base\CApplication.php(185): CWebApplication->processRequest()
#16 D:\xampp3\htdocs\log_access2\web\index.php(13): CApplication->run()
#17 {main}
REQUEST_URI=/log_access2/web/index.php/site/login
---
2020/07/08 11:48:41 [error] [exception.CException] CException: CAssetManager.basePath "D:\xampp3\htdocs\log_access2\web\assets" is invalid. Please make sure the directory exists and is writable by the Web server process. in D:\xampp3\htdocs\log_access2\vendor\yiisoft\yii\framework\web\CAssetManager.php:138
Stack trace:
#0 D:\xampp3\htdocs\log_access2\vendor\yiisoft\yii\framework\web\CAssetManager.php(123): CAssetManager->setBasePath('D:\\xampp3\\htdoc...')
#1 D:\xampp3\htdocs\log_access2\vendor\yiisoft\yii\framework\web\CAssetManager.php(217): CAssetManager->getBasePath()
#2 D:\xampp3\htdocs\log_access2\vendor\yiisoft\yii\framework\web\CClientScript.php(511): CAssetManager->publish('D:\\xampp3\\htdoc...')
#3 D:\xampp3\htdocs\log_access2\vendor\yiisoft\yii\framework\web\CClientScript.php(548): CClientScript->getCoreScriptUrl()
#4 D:\xampp3\htdocs\log_access2\vendor\yiisoft\yii\framework\web\CClientScript.php(349): CClientScript->getPackageBaseUrl('jquery')
#5 D:\xampp3\htdocs\log_access2\vendor\yiisoft\yii\framework\web\CClientScript.php(208): CClientScript->renderCoreScripts()
#6 D:\xampp3\htdocs\log_access2\vendor\yiisoft\yii\framework\web\CController.php(352): CClientScript->render('<!DOCTYPE html>...')
#7 D:\xampp3\htdocs\log_access2\vendor\yiisoft\yii\framework\web\CController.php(791): CController->processOutput('<!DOCTYPE html>...')
#8 D:\xampp3\htdocs\log_access2\web\protected\controllers\SiteController.php(98): CController->render('login', Array)
#9 D:\xampp3\htdocs\log_access2\vendor\yiisoft\yii\framework\web\actions\CInlineAction.php(49): SiteController->actionLogin()
#10 D:\xampp3\htdocs\log_access2\vendor\yiisoft\yii\framework\web\CController.php(308): CInlineAction->runWithParams(Array)
#11 D:\xampp3\htdocs\log_access2\vendor\yiisoft\yii\framework\web\CController.php(286): CController->runAction(Object(CInlineAction))
#12 D:\xampp3\htdocs\log_access2\vendor\yiisoft\yii\framework\web\CController.php(265): CController->runActionWithFilters(Object(CInlineAction), Array)
#13 D:\xampp3\htdocs\log_access2\vendor\yiisoft\yii\framework\web\CWebApplication.php(282): CController->run('login')
#14 D:\xampp3\htdocs\log_access2\vendor\yiisoft\yii\framework\web\CWebApplication.php(141): CWebApplication->runController('site/login')
#15 D:\xampp3\htdocs\log_access2\vendor\yiisoft\yii\framework\base\CApplication.php(185): CWebApplication->processRequest()
#16 D:\xampp3\htdocs\log_access2\web\index.php(13): CApplication->run()
#17 {main}
REQUEST_URI=/log_access2/web/index.php/site/login
---
